<?xml version="1.0" encoding="UTF-8"?>
<testng-results skipped="0" failed="0" total="1" passed="1">
  <reporter-output>
  </reporter-output>
  <suite name="Default suite" duration-ms="27171" started-at="2020-08-03T14:02:53Z" finished-at="2020-08-03T14:03:20Z">
    <groups>
    </groups>
    <test name="Default test" duration-ms="27171" started-at="2020-08-03T14:02:53Z" finished-at="2020-08-03T14:03:20Z">
      <class name="RadioButtons.FacebookRadioBtns">
        <test-method status="PASS" signature="TestRadioBtn()[pri:0, instance:RadioButtons.FacebookRadioBtns@71e7a66b]" name="TestRadioBtn" duration-ms="27151" started-at="2020-08-03T19:32:53Z" finished-at="2020-08-03T19:33:20Z">
          <reporter-output>
          </reporter-output>
        </test-method> <!-- TestRadioBtn -->
      </class> <!-- RadioButtons.FacebookRadioBtns -->
    </test> <!-- Default test -->
  </suite> <!-- Default suite -->
</testng-results>
